<?xml version="1.0" encoding="UTF-8"?>
<!-- Generated by org.testng.reporters.JUnitReportReporter -->
<testsuite hostname="LAPTOP-0RPVKTO3" failures="0" tests="10" name="com.Automation_UI.TestAmz" time="96.660" errors="0" timestamp="2024-12-31T14:01:30 IST" skipped="0">
  <testcase classname="com.Automation_UI.TestAmz" name="TestUrl" time="4.801"/>
  <system-out/>
  <testcase classname="com.Automation_UI.TestAmz" name="Login" time="4.387"/>
  <system-out/>
  <testcase classname="com.Automation_UI.TestAmz" name="LogOut" time="14.136"/>
  <system-out/>
  <testcase classname="com.Automation_UI.TestAmz" name="Search" time="4.981"/>
  <system-out/>
  <testcase classname="com.Automation_UI.TestAmz" name="AddToCart" time="12.937"/>
  <system-out/>
  <testcase classname="com.Automation_UI.TestAmz" name="PlaceOrder" time="3.991"/>
  <system-out/>
  <testcase classname="com.Automation_UI.TestAmz" name="PaymentGateway" time="4.289"/>
  <system-out/>
  <testcase classname="com.Automation_UI.TestAmz" name="CheckCartItemsPresent" time="4.092"/>
  <system-out/>
  <testcase classname="com.Automation_UI.TestAmz" name="VerifyOrders" time="14.973"/>
  <system-out/>
  <testcase classname="com.Automation_UI.TestAmz" name="VerifyProductSearch" time="28.073"/>
  <system-out/>
</testsuite> <!-- com.Automation_UI.TestAmz -->
